<?xml version="1.0" encoding="UTF-8"?>
<!-- Generated by org.testng.reporters.JUnitReportReporter -->
<testsuite hostname="Pradeeps" failures="0" tests="6" name="FB.FBTestNG" time="4.732" errors="0" timestamp="2022-09-27T18:08:48 IST" skipped="0">
  <testcase classname="FB.FBTestNG" name="watUrl" time="0.007"/>
  <system-out/>
  <testcase classname="FB.FBTestNG" name="watTitle" time="0.006"/>
  <system-out/>
  <testcase classname="FB.FBTestNG" name="login" time="0.122"/>
  <system-out/>
  <testcase classname="FB.FBTestNG" name="user" time="0.048"/>
  <system-out/>
  <testcase classname="FB.FBTestNG" name="browser" time="3.565"/>
  <system-out/>
  <testcase classname="FB.FBTestNG" name="pass" time="0.984"/>
  <system-out/>
</testsuite> <!-- FB.FBTestNG -->
