<?xml version="1.0" encoding="UTF-8"?>
<!-- Generated by org.testng.reporters.JUnitReportReporter -->
<testsuite hostname="Pradeeps" failures="0" tests="1" name="Amazon.AmazExec" time="36.735" errors="0" timestamp="2022-10-18T17:40:01 IST" skipped="0">
  <testcase classname="Amazon.AmazExec" name="ProductBooking" time="36.735"/>
  <system-out/>
</testsuite> <!-- Amazon.AmazExec -->
